<?xml version="1.0" encoding="UTF-8"?>
<!-- Generated by org.testng.reporters.JUnitXMLReporter -->
<testsuite hostname="ST-PhuocVTT" ignored="0" name="LoginTest" tests="2" failures="1" timestamp="2022-08-02T08:04:16 ICT" time="14.267" errors="0">
  <testcase name="EmptyUserEmptyPassword" time="5.275" classname="tests.LoginTests">
    <failure type="java.lang.AssertionError" message="expected [Vo Thi Thu Phuoc] but found [nopCommerce demo store. Login]">
      <![CDATA[java.lang.AssertionError: expected [Vo Thi Thu Phuoc] but found [nopCommerce demo store. Login]
at tests.LoginTests.EmptyUserEmptyPassword(LoginTests.java:44)
at java.util.ArrayList.forEach(ArrayList.java:1257)
... Removed 33 stack frames]]>
    </failure>
  </testcase> <!-- EmptyUserEmptyPassword -->
  <testcase name="InvalidUserNameInvalidPassword" time="4.117" classname="tests.LoginTests"/>
</testsuite> <!-- LoginTest -->
